[0m[[0m[0mdebug[0m] [0m[0m> Exec(run partition 2, Some(bcdd4790-a04a-4b30-a85d-a855d6edbdab), Some(CommandSource(console0)))[0m
[0m[[0m[0mdebug[0m] [0m[0mEvaluating tasks: Compile / run[0m
[0m[[0m[0mdebug[0m] [0m[0mRunning task... Cancel: Signal, check cycles: false, forcegc: true[0m
[0m[[0m[0mdebug[0m] [0m[0mjsonRpcNotify: JsonRpcNotificationMessage(2.0, build/taskStart, {"taskId":{"id":"14","parents":[]},"eventTime":1670645815114,"message":"Compiling root","dataKind":"compile-task","data":{"target":{"uri":"file:/C:/Users/duawo/OneDrive/%EB%B0%94%ED%83%95%20%ED%99%94%EB%A9%B4/check_order/#root/Compile"}}})[0m
[0m[[0m[0minfo[0m] [0m[0mcompiling 1 Scala source to C:\Users\duawo\OneDrive\바탕 화면\check_order\target\scala-2.13\classes ...[0m
[0m[[0m[0mdebug[0m] [0m[0mjsonRpcNotify: JsonRpcNotificationMessage(2.0, build/logMessage, {"type":3,"message":"compiling 1 Scala source to C:\\Users\\duawo\\OneDrive\\바탕 화면\\check_order\\target\\scala-2.13\\classes ..."})[0m
[0m[[0m[0mdebug[0m] [0m[0mjsonRpcNotify: JsonRpcNotificationMessage(2.0, build/taskProgress, {"taskId":{"id":"14","parents":[]},"eventTime":1670645815274,"message":"Compiling root (15%)","total":26,"progress":15,"dataKind":"compile-progress","data":{"target":{"uri":"file:/C:/Users/duawo/OneDrive/%EB%B0%94%ED%83%95%20%ED%99%94%EB%A9%B4/check_order/#root/Compile"}}})[0m
[0m[[0m[0mdebug[0m] [0m[0mjsonRpcNotify: JsonRpcNotificationMessage(2.0, build/taskProgress, {"taskId":{"id":"14","parents":[]},"eventTime":1670645815274,"message":"Compiling root (15%)","total":26,"progress":15,"dataKind":"compile-progress","data":{"target":{"uri":"file:/C:/Users/duawo/OneDrive/%EB%B0%94%ED%83%95%20%ED%99%94%EB%A9%B4/check_order/#root/Compile"}}})[0m
[0m[[0m[0mdebug[0m] [0m[0mjsonRpcNotify: JsonRpcNotificationMessage(2.0, build/taskProgress, {"taskId":{"id":"14","parents":[]},"eventTime":1670645815283,"message":"Compiling root (30%)","total":26,"progress":30,"dataKind":"compile-progress","data":{"target":{"uri":"file:/C:/Users/duawo/OneDrive/%EB%B0%94%ED%83%95%20%ED%99%94%EB%A9%B4/check_order/#root/Compile"}}})[0m
[0m[[0m[0mdebug[0m] [0m[0mjsonRpcNotify: JsonRpcNotificationMessage(2.0, build/taskProgress, {"taskId":{"id":"14","parents":[]},"eventTime":1670645815284,"message":"Compiling root (30%)","total":26,"progress":30,"dataKind":"compile-progress","data":{"target":{"uri":"file:/C:/Users/duawo/OneDrive/%EB%B0%94%ED%83%95%20%ED%99%94%EB%A9%B4/check_order/#root/Compile"}}})[0m
[0m[[0m[0mdebug[0m] [0m[0mjsonRpcNotify: JsonRpcNotificationMessage(2.0, build/taskProgress, {"taskId":{"id":"14","parents":[]},"eventTime":1670645815296,"message":"Compiling root (50%)","total":26,"progress":50,"dataKind":"compile-progress","data":{"target":{"uri":"file:/C:/Users/duawo/OneDrive/%EB%B0%94%ED%83%95%20%ED%99%94%EB%A9%B4/check_order/#root/Compile"}}})[0m
[0m[[0m[0mdebug[0m] [0m[0mjsonRpcNotify: JsonRpcNotificationMessage(2.0, build/taskProgress, {"taskId":{"id":"14","parents":[]},"eventTime":1670645815296,"message":"Compiling root (50%)","total":26,"progress":50,"dataKind":"compile-progress","data":{"target":{"uri":"file:/C:/Users/duawo/OneDrive/%EB%B0%94%ED%83%95%20%ED%99%94%EB%A9%B4/check_order/#root/Compile"}}})[0m
[0m[[0m[0mdebug[0m] [0m[0mjsonRpcNotify: JsonRpcNotificationMessage(2.0, build/taskProgress, {"taskId":{"id":"14","parents":[]},"eventTime":1670645815352,"message":"Compiling root (65%)","total":26,"progress":65,"dataKind":"compile-progress","data":{"target":{"uri":"file:/C:/Users/duawo/OneDrive/%EB%B0%94%ED%83%95%20%ED%99%94%EB%A9%B4/check_order/#root/Compile"}}})[0m
[0m[[0m[0mdebug[0m] [0m[0mjsonRpcNotify: JsonRpcNotificationMessage(2.0, build/taskProgress, {"taskId":{"id":"14","parents":[]},"eventTime":1670645815352,"message":"Compiling root (65%)","total":26,"progress":65,"dataKind":"compile-progress","data":{"target":{"uri":"file:/C:/Users/duawo/OneDrive/%EB%B0%94%ED%83%95%20%ED%99%94%EB%A9%B4/check_order/#root/Compile"}}})[0m
[0m[[0m[0mdebug[0m] [0m[0mjsonRpcNotify: JsonRpcNotificationMessage(2.0, build/taskProgress, {"taskId":{"id":"14","parents":[]},"eventTime":1670645815361,"message":"Compiling root (80%)","total":26,"progress":80,"dataKind":"compile-progress","data":{"target":{"uri":"file:/C:/Users/duawo/OneDrive/%EB%B0%94%ED%83%95%20%ED%99%94%EB%A9%B4/check_order/#root/Compile"}}})[0m
[0m[[0m[0mdebug[0m] [0m[0mjsonRpcNotify: JsonRpcNotificationMessage(2.0, build/taskProgress, {"taskId":{"id":"14","parents":[]},"eventTime":1670645815361,"message":"Compiling root (80%)","total":26,"progress":80,"dataKind":"compile-progress","data":{"target":{"uri":"file:/C:/Users/duawo/OneDrive/%EB%B0%94%ED%83%95%20%ED%99%94%EB%A9%B4/check_order/#root/Compile"}}})[0m
[0m[[0m[0mdebug[0m] [0m[0mjsonRpcNotify: JsonRpcNotificationMessage(2.0, build/taskProgress, {"taskId":{"id":"14","parents":[]},"eventTime":1670645815391,"message":"Compiling root (100%)","total":26,"progress":100,"dataKind":"compile-progress","data":{"target":{"uri":"file:/C:/Users/duawo/OneDrive/%EB%B0%94%ED%83%95%20%ED%99%94%EB%A9%B4/check_order/#root/Compile"}}})[0m
[0m[[0m[0mdebug[0m] [0m[0mjsonRpcNotify: JsonRpcNotificationMessage(2.0, build/taskProgress, {"taskId":{"id":"14","parents":[]},"eventTime":1670645815391,"message":"Compiling root (100%)","total":26,"progress":100,"dataKind":"compile-progress","data":{"target":{"uri":"file:/C:/Users/duawo/OneDrive/%EB%B0%94%ED%83%95%20%ED%99%94%EB%A9%B4/check_order/#root/Compile"}}})[0m
[0m[[0m[0mdebug[0m] [0m[0mjsonRpcNotify: JsonRpcNotificationMessage(2.0, build/taskFinish, {"taskId":{"id":"14","parents":[]},"eventTime":1670645815396,"message":"Compiled root","status":1,"dataKind":"compile-report","data":{"target":{"uri":"file:/C:/Users/duawo/OneDrive/%EB%B0%94%ED%83%95%20%ED%99%94%EB%A9%B4/check_order/#root/Compile"},"errors":0,"warnings":0,"time":282}})[0m
[0m[[0m[0mdebug[0m] [0m[0mjsonRpcNotify: JsonRpcNotificationMessage(2.0, build/logMessage, {"type":3,"message":"running Main partition 2"})[0m
[0m[[0m[0mdebug[0m] [0m[0mjsonRpcNotify: JsonRpcNotificationMessage(2.0, build/logMessage, {"type":4,"message":"  Classpath:\n\tC:\\Users\\duawo\\OneDrive\\바탕 화면\\check_order\\target\\bg-jobs\\sbt_a36970e2\\job-5\\target\\29cea1e2\\c21136e9\\check_order_2.13-0.1.0-SNAPSHOT.jar\n\tC:\\Users\\duawo\\OneDrive\\바탕 화면\\check_order\\target\\bg-jobs\\sbt_a36970e2\\target\\563cdab3\\06ac27ae\\scala-library-2.13.10.jar"})[0m
[0m[[0m[32msuccess[0m] [0m[0mTotal time: 0 s, completed 2022. 12. 10 오후 1:16:55[0m
[0m[[0m[0mdebug[0m] [0m[0m> Exec(shell, None, None)[0m
[0m[[0m[0mdebug[0m] [0m[0mUnhandled request received: shutdown: JsonRpcRequestMessage(2.0, ♨2, shutdown, null})[0m
