[0m[[0m[0mdebug[0m] [0m[0m> Exec(;Test/compile; collectAnalyses, None, Some(CommandSource(network-1)))[0m
[0m[[0m[0mdebug[0m] [0m[0munmatched Processing event for requestId None: None[0m
[0m[[0m[0mdebug[0m] [0m[0munmatched Done event for requestId None: None[0m
[0m[[0m[0mdebug[0m] [0m[0m> Exec(Test/compile, None, Some(CommandSource(network-1)))[0m
[0m[[0m[0mdebug[0m] [0m[0munmatched Processing event for requestId None: None[0m
[0m[[0m[0mdebug[0m] [0m[0mEvaluating tasks: Test / compile[0m
[0m[[0m[0mdebug[0m] [0m[0mRunning task... Cancel: Signal, check cycles: false, forcegc: true[0m
[0m[[0m[0mdebug[0m] [0m[0mjsonRpcNotify: JsonRpcNotificationMessage(2.0, build/taskStart, {"taskId":{"id":"4","parents":[]},"eventTime":1670667242696,"message":"Compiling root","dataKind":"compile-task","data":{"target":{"uri":"file:/C:/Users/duawo/OneDrive/%EB%B0%94%ED%83%95%20%ED%99%94%EB%A9%B4/grpc-example/#root/Compile"}}})[0m
[0m[[0m[0minfo[0m] [0m[0mcompiling 1 Scala source to C:\Users\duawo\OneDrive\바탕 화면\grpc-example\target\scala-2.13\classes ...[0m
[0m[[0m[0mdebug[0m] [0m[0mjsonRpcNotify: JsonRpcNotificationMessage(2.0, build/logMessage, {"type":3,"message":"compiling 1 Scala source to C:\\Users\\duawo\\OneDrive\\바탕 화면\\grpc-example\\target\\scala-2.13\\classes ..."})[0m
[0m[[0m[0mdebug[0m] [0m[0mjsonRpcNotify: JsonRpcNotificationMessage(2.0, build/taskProgress, {"taskId":{"id":"4","parents":[]},"eventTime":1670667242948,"message":"Compiling root (15%)","total":26,"progress":15,"dataKind":"compile-progress","data":{"target":{"uri":"file:/C:/Users/duawo/OneDrive/%EB%B0%94%ED%83%95%20%ED%99%94%EB%A9%B4/grpc-example/#root/Compile"}}})[0m
[0m[[0m[0mdebug[0m] [0m[0mjsonRpcNotify: JsonRpcNotificationMessage(2.0, build/taskProgress, {"taskId":{"id":"4","parents":[]},"eventTime":1670667242948,"message":"Compiling root (15%)","total":26,"progress":15,"dataKind":"compile-progress","data":{"target":{"uri":"file:/C:/Users/duawo/OneDrive/%EB%B0%94%ED%83%95%20%ED%99%94%EB%A9%B4/grpc-example/#root/Compile"}}})[0m
[0m[[0m[0mdebug[0m] [0m[0mjsonRpcNotify: JsonRpcNotificationMessage(2.0, build/taskProgress, {"taskId":{"id":"4","parents":[]},"eventTime":1670667243011,"message":"Compiling root (30%)","total":26,"progress":30,"dataKind":"compile-progress","data":{"target":{"uri":"file:/C:/Users/duawo/OneDrive/%EB%B0%94%ED%83%95%20%ED%99%94%EB%A9%B4/grpc-example/#root/Compile"}}})[0m
[0m[[0m[0mdebug[0m] [0m[0mjsonRpcNotify: JsonRpcNotificationMessage(2.0, build/taskProgress, {"taskId":{"id":"4","parents":[]},"eventTime":1670667243011,"message":"Compiling root (30%)","total":26,"progress":30,"dataKind":"compile-progress","data":{"target":{"uri":"file:/C:/Users/duawo/OneDrive/%EB%B0%94%ED%83%95%20%ED%99%94%EB%A9%B4/grpc-example/#root/Compile"}}})[0m
[0m[[0m[0mdebug[0m] [0m[0mjsonRpcNotify: JsonRpcNotificationMessage(2.0, build/taskProgress, {"taskId":{"id":"4","parents":[]},"eventTime":1670667243133,"message":"Compiling root (50%)","total":26,"progress":50,"dataKind":"compile-progress","data":{"target":{"uri":"file:/C:/Users/duawo/OneDrive/%EB%B0%94%ED%83%95%20%ED%99%94%EB%A9%B4/grpc-example/#root/Compile"}}})[0m
[0m[[0m[0mdebug[0m] [0m[0mjsonRpcNotify: JsonRpcNotificationMessage(2.0, build/taskProgress, {"taskId":{"id":"4","parents":[]},"eventTime":1670667243133,"message":"Compiling root (50%)","total":26,"progress":50,"dataKind":"compile-progress","data":{"target":{"uri":"file:/C:/Users/duawo/OneDrive/%EB%B0%94%ED%83%95%20%ED%99%94%EB%A9%B4/grpc-example/#root/Compile"}}})[0m
[0m[[0m[0mdebug[0m] [0m[0mjsonRpcNotify: JsonRpcNotificationMessage(2.0, build/taskProgress, {"taskId":{"id":"4","parents":[]},"eventTime":1670667243435,"message":"Compiling root (65%)","total":26,"progress":65,"dataKind":"compile-progress","data":{"target":{"uri":"file:/C:/Users/duawo/OneDrive/%EB%B0%94%ED%83%95%20%ED%99%94%EB%A9%B4/grpc-example/#root/Compile"}}})[0m
[0m[[0m[0mdebug[0m] [0m[0mjsonRpcNotify: JsonRpcNotificationMessage(2.0, build/taskProgress, {"taskId":{"id":"4","parents":[]},"eventTime":1670667243435,"message":"Compiling root (65%)","total":26,"progress":65,"dataKind":"compile-progress","data":{"target":{"uri":"file:/C:/Users/duawo/OneDrive/%EB%B0%94%ED%83%95%20%ED%99%94%EB%A9%B4/grpc-example/#root/Compile"}}})[0m
[0m[[0m[0mdebug[0m] [0m[0mjsonRpcNotify: JsonRpcNotificationMessage(2.0, build/taskProgress, {"taskId":{"id":"4","parents":[]},"eventTime":1670667243492,"message":"Compiling root (80%)","total":26,"progress":80,"dataKind":"compile-progress","data":{"target":{"uri":"file:/C:/Users/duawo/OneDrive/%EB%B0%94%ED%83%95%20%ED%99%94%EB%A9%B4/grpc-example/#root/Compile"}}})[0m
[0m[[0m[0mdebug[0m] [0m[0mjsonRpcNotify: JsonRpcNotificationMessage(2.0, build/taskProgress, {"taskId":{"id":"4","parents":[]},"eventTime":1670667243492,"message":"Compiling root (80%)","total":26,"progress":80,"dataKind":"compile-progress","data":{"target":{"uri":"file:/C:/Users/duawo/OneDrive/%EB%B0%94%ED%83%95%20%ED%99%94%EB%A9%B4/grpc-example/#root/Compile"}}})[0m
[0m[[0m[0mdebug[0m] [0m[0mjsonRpcNotify: JsonRpcNotificationMessage(2.0, build/taskProgress, {"taskId":{"id":"4","parents":[]},"eventTime":1670667243749,"message":"Compiling root (100%)","total":26,"progress":100,"dataKind":"compile-progress","data":{"target":{"uri":"file:/C:/Users/duawo/OneDrive/%EB%B0%94%ED%83%95%20%ED%99%94%EB%A9%B4/grpc-example/#root/Compile"}}})[0m
[0m[[0m[0mdebug[0m] [0m[0mjsonRpcNotify: JsonRpcNotificationMessage(2.0, build/taskProgress, {"taskId":{"id":"4","parents":[]},"eventTime":1670667243749,"message":"Compiling root (100%)","total":26,"progress":100,"dataKind":"compile-progress","data":{"target":{"uri":"file:/C:/Users/duawo/OneDrive/%EB%B0%94%ED%83%95%20%ED%99%94%EB%A9%B4/grpc-example/#root/Compile"}}})[0m
[0m[[0m[0mdebug[0m] [0m[0mjsonRpcNotify: JsonRpcNotificationMessage(2.0, build/publishDiagnostics, {"textDocument":{"uri":"file:///C:/Users/duawo/OneDrive/%EB%B0%94%ED%83%95%20%ED%99%94%EB%A9%B4/grpc-example/src/main/scala/Main.scala"},"buildTarget":{"uri":"file:/C:/Users/duawo/OneDrive/%EB%B0%94%ED%83%95%20%ED%99%94%EB%A9%B4/grpc-example/#root/Compile"},"diagnostics":[],"reset":true})[0m
[0m[[0m[0mdebug[0m] [0m[0mjsonRpcNotify: JsonRpcNotificationMessage(2.0, build/taskFinish, {"taskId":{"id":"4","parents":[]},"eventTime":1670667243759,"message":"Compiled root","status":1,"dataKind":"compile-report","data":{"target":{"uri":"file:/C:/Users/duawo/OneDrive/%EB%B0%94%ED%83%95%20%ED%99%94%EB%A9%B4/grpc-example/#root/Compile"},"errors":0,"warnings":0,"time":1063}})[0m
[0m[[0m[0mdebug[0m] [0m[0mjsonRpcNotify: JsonRpcNotificationMessage(2.0, build/taskStart, {"taskId":{"id":"5","parents":[]},"eventTime":1670667243830,"message":"Compiling root-test","dataKind":"compile-task","data":{"target":{"uri":"file:/C:/Users/duawo/OneDrive/%EB%B0%94%ED%83%95%20%ED%99%94%EB%A9%B4/grpc-example/#root/Test"}}})[0m
[0m[[0m[0mdebug[0m] [0m[0mjsonRpcNotify: JsonRpcNotificationMessage(2.0, build/taskFinish, {"taskId":{"id":"5","parents":[]},"eventTime":1670667243838,"message":"Compiled root-test","status":1,"dataKind":"compile-report","data":{"target":{"uri":"file:/C:/Users/duawo/OneDrive/%EB%B0%94%ED%83%95%20%ED%99%94%EB%A9%B4/grpc-example/#root/Test"},"errors":0,"warnings":0,"time":8}})[0m
[0m[[0m[32msuccess[0m] [0m[0mTotal time: 1 s, completed 2022. 12. 10 오후 7:14:03[0m
[0m[[0m[0mdebug[0m] [0m[0munmatched Done event for requestId None: None[0m
[0m[[0m[0mdebug[0m] [0m[0m> Exec(collectAnalyses, None, Some(CommandSource(network-1)))[0m
[0m[[0m[0mdebug[0m] [0m[0munmatched Processing event for requestId None: None[0m
[0m[[0m[0mdebug[0m] [0m[0mEvaluating tasks: Compile / collectAnalyses[0m
[0m[[0m[0mdebug[0m] [0m[0mRunning task... Cancel: Signal, check cycles: false, forcegc: true[0m
[0m[[0m[0mdebug[0m] [0m[0manalysis location (C:\Users\duawo\OneDrive\바탕 화면\grpc-example\target\scala-2.13\zinc\inc_compile_2.13.zip,true)[0m
[0m[[0m[32msuccess[0m] [0m[0mTotal time: 0 s, completed 2022. 12. 10 오후 7:14:03[0m
[0m[[0m[0mdebug[0m] [0m[0munmatched Done event for requestId None: None[0m
[0m[[0m[0mdebug[0m] [0m[0m> Exec(shell, None, None)[0m
