[0m[[0m[0mdebug[0m] [0m[0m> Exec(run, Some(99ffdbec-6ee4-473c-96bb-84abbd490fc5), Some(CommandSource(console0)))[0m
[0m[[0m[0mdebug[0m] [0m[0mEvaluating tasks: Compile / run[0m
[0m[[0m[0mdebug[0m] [0m[0mRunning task... Cancel: Signal, check cycles: false, forcegc: true[0m
[0m[[0m[0mdebug[0m] [0m[0mjsonRpcNotify: JsonRpcNotificationMessage(2.0, build/taskStart, {"taskId":{"id":"62","parents":[]},"eventTime":1670644948074,"message":"Compiling root","dataKind":"compile-task","data":{"target":{"uri":"file:/C:/Users/duawo/OneDrive/%EB%B0%94%ED%83%95%20%ED%99%94%EB%A9%B4/check_order/#root/Compile"}}})[0m
[0m[[0m[0minfo[0m] [0m[0mcompiling 1 Scala source to C:\Users\duawo\OneDrive\바탕 화면\check_order\target\scala-2.13\classes ...[0m
[0m[[0m[0mdebug[0m] [0m[0mjsonRpcNotify: JsonRpcNotificationMessage(2.0, build/logMessage, {"type":3,"message":"compiling 1 Scala source to C:\\Users\\duawo\\OneDrive\\바탕 화면\\check_order\\target\\scala-2.13\\classes ..."})[0m
[0m[[0m[0mdebug[0m] [0m[0mjsonRpcNotify: JsonRpcNotificationMessage(2.0, build/taskProgress, {"taskId":{"id":"62","parents":[]},"eventTime":1670644948172,"message":"Compiling root (15%)","total":26,"progress":15,"dataKind":"compile-progress","data":{"target":{"uri":"file:/C:/Users/duawo/OneDrive/%EB%B0%94%ED%83%95%20%ED%99%94%EB%A9%B4/check_order/#root/Compile"}}})[0m
[0m[[0m[0mdebug[0m] [0m[0mjsonRpcNotify: JsonRpcNotificationMessage(2.0, build/taskProgress, {"taskId":{"id":"62","parents":[]},"eventTime":1670644948172,"message":"Compiling root (15%)","total":26,"progress":15,"dataKind":"compile-progress","data":{"target":{"uri":"file:/C:/Users/duawo/OneDrive/%EB%B0%94%ED%83%95%20%ED%99%94%EB%A9%B4/check_order/#root/Compile"}}})[0m
[0m[[0m[0mdebug[0m] [0m[0mjsonRpcNotify: JsonRpcNotificationMessage(2.0, build/taskProgress, {"taskId":{"id":"62","parents":[]},"eventTime":1670644948179,"message":"Compiling root (30%)","total":26,"progress":30,"dataKind":"compile-progress","data":{"target":{"uri":"file:/C:/Users/duawo/OneDrive/%EB%B0%94%ED%83%95%20%ED%99%94%EB%A9%B4/check_order/#root/Compile"}}})[0m
[0m[[0m[0mdebug[0m] [0m[0mjsonRpcNotify: JsonRpcNotificationMessage(2.0, build/taskProgress, {"taskId":{"id":"62","parents":[]},"eventTime":1670644948181,"message":"Compiling root (30%)","total":26,"progress":30,"dataKind":"compile-progress","data":{"target":{"uri":"file:/C:/Users/duawo/OneDrive/%EB%B0%94%ED%83%95%20%ED%99%94%EB%A9%B4/check_order/#root/Compile"}}})[0m
[0m[[0m[0mdebug[0m] [0m[0mjsonRpcNotify: JsonRpcNotificationMessage(2.0, build/taskProgress, {"taskId":{"id":"62","parents":[]},"eventTime":1670644948188,"message":"Compiling root (50%)","total":26,"progress":50,"dataKind":"compile-progress","data":{"target":{"uri":"file:/C:/Users/duawo/OneDrive/%EB%B0%94%ED%83%95%20%ED%99%94%EB%A9%B4/check_order/#root/Compile"}}})[0m
[0m[[0m[0mdebug[0m] [0m[0mjsonRpcNotify: JsonRpcNotificationMessage(2.0, build/taskProgress, {"taskId":{"id":"62","parents":[]},"eventTime":1670644948188,"message":"Compiling root (50%)","total":26,"progress":50,"dataKind":"compile-progress","data":{"target":{"uri":"file:/C:/Users/duawo/OneDrive/%EB%B0%94%ED%83%95%20%ED%99%94%EB%A9%B4/check_order/#root/Compile"}}})[0m
[0m[[0m[0mdebug[0m] [0m[0mjsonRpcNotify: JsonRpcNotificationMessage(2.0, build/taskProgress, {"taskId":{"id":"62","parents":[]},"eventTime":1670644948218,"message":"Compiling root (65%)","total":26,"progress":65,"dataKind":"compile-progress","data":{"target":{"uri":"file:/C:/Users/duawo/OneDrive/%EB%B0%94%ED%83%95%20%ED%99%94%EB%A9%B4/check_order/#root/Compile"}}})[0m
[0m[[0m[0mdebug[0m] [0m[0mjsonRpcNotify: JsonRpcNotificationMessage(2.0, build/taskProgress, {"taskId":{"id":"62","parents":[]},"eventTime":1670644948218,"message":"Compiling root (65%)","total":26,"progress":65,"dataKind":"compile-progress","data":{"target":{"uri":"file:/C:/Users/duawo/OneDrive/%EB%B0%94%ED%83%95%20%ED%99%94%EB%A9%B4/check_order/#root/Compile"}}})[0m
[0m[[0m[0mdebug[0m] [0m[0mjsonRpcNotify: JsonRpcNotificationMessage(2.0, build/taskProgress, {"taskId":{"id":"62","parents":[]},"eventTime":1670644948221,"message":"Compiling root (80%)","total":26,"progress":80,"dataKind":"compile-progress","data":{"target":{"uri":"file:/C:/Users/duawo/OneDrive/%EB%B0%94%ED%83%95%20%ED%99%94%EB%A9%B4/check_order/#root/Compile"}}})[0m
[0m[[0m[0mdebug[0m] [0m[0mjsonRpcNotify: JsonRpcNotificationMessage(2.0, build/taskProgress, {"taskId":{"id":"62","parents":[]},"eventTime":1670644948221,"message":"Compiling root (80%)","total":26,"progress":80,"dataKind":"compile-progress","data":{"target":{"uri":"file:/C:/Users/duawo/OneDrive/%EB%B0%94%ED%83%95%20%ED%99%94%EB%A9%B4/check_order/#root/Compile"}}})[0m
[0m[[0m[0mdebug[0m] [0m[0mjsonRpcNotify: JsonRpcNotificationMessage(2.0, build/taskProgress, {"taskId":{"id":"62","parents":[]},"eventTime":1670644948233,"message":"Compiling root (100%)","total":26,"progress":100,"dataKind":"compile-progress","data":{"target":{"uri":"file:/C:/Users/duawo/OneDrive/%EB%B0%94%ED%83%95%20%ED%99%94%EB%A9%B4/check_order/#root/Compile"}}})[0m
[0m[[0m[0mdebug[0m] [0m[0mjsonRpcNotify: JsonRpcNotificationMessage(2.0, build/taskProgress, {"taskId":{"id":"62","parents":[]},"eventTime":1670644948233,"message":"Compiling root (100%)","total":26,"progress":100,"dataKind":"compile-progress","data":{"target":{"uri":"file:/C:/Users/duawo/OneDrive/%EB%B0%94%ED%83%95%20%ED%99%94%EB%A9%B4/check_order/#root/Compile"}}})[0m
[0m[[0m[0mdebug[0m] [0m[0mjsonRpcNotify: JsonRpcNotificationMessage(2.0, build/taskFinish, {"taskId":{"id":"62","parents":[]},"eventTime":1670644948233,"message":"Compiled root","status":1,"dataKind":"compile-report","data":{"target":{"uri":"file:/C:/Users/duawo/OneDrive/%EB%B0%94%ED%83%95%20%ED%99%94%EB%A9%B4/check_order/#root/Compile"},"errors":0,"warnings":0,"time":159}})[0m
[0m[[0m[0mdebug[0m] [0m[0mjsonRpcNotify: JsonRpcNotificationMessage(2.0, build/logMessage, {"type":3,"message":"running Main "})[0m
[0m[[0m[0mdebug[0m] [0m[0mjsonRpcNotify: JsonRpcNotificationMessage(2.0, build/logMessage, {"type":4,"message":"  Classpath:\n\tC:\\Users\\duawo\\OneDrive\\바탕 화면\\check_order\\target\\bg-jobs\\sbt_ad82a95b\\job-15\\target\\29cea1e2\\3080737d\\check_order_2.13-0.1.0-SNAPSHOT.jar\n\tC:\\Users\\duawo\\OneDrive\\바탕 화면\\check_order\\target\\bg-jobs\\sbt_ad82a95b\\target\\563cdab3\\06ac27ae\\scala-library-2.13.10.jar"})[0m
[0m[[0m[31merror[0m] [0m[0mjava.util.NoSuchElementException: head of empty array[0m
[0m[[0m[31merror[0m] [0m[0m	at scala.collection.ArrayOps$.head$extension(ArrayOps.scala:230)[0m
[0m[[0m[31merror[0m] [0m[0m	at Main$.main(Main.scala:7)[0m
[0m[[0m[31merror[0m] [0m[0m	at Main.main(Main.scala)[0m
[0m[[0m[31merror[0m] [0m[0m	at sun.reflect.NativeMethodAccessorImpl.invoke0(Native Method)[0m
[0m[[0m[31merror[0m] [0m[0m	at sun.reflect.NativeMethodAccessorImpl.invoke(NativeMethodAccessorImpl.java:62)[0m
[0m[[0m[31merror[0m] [0m[0m	at sun.reflect.DelegatingMethodAccessorImpl.invoke(DelegatingMethodAccessorImpl.java:43)[0m
[0m[[0m[31merror[0m] [0m[0m	at java.lang.reflect.Method.invoke(Method.java:498)[0m
[0m[[0m[31merror[0m] [0m[0m	at sbt.Run.invokeMain(Run.scala:143)[0m
[0m[[0m[31merror[0m] [0m[0m	at sbt.Run.execute$1(Run.scala:93)[0m
[0m[[0m[31merror[0m] [0m[0m	at sbt.Run.$anonfun$runWithLoader$5(Run.scala:120)[0m
[0m[[0m[31merror[0m] [0m[0m	at sbt.Run$.executeSuccess(Run.scala:186)[0m
[0m[[0m[31merror[0m] [0m[0m	at sbt.Run.runWithLoader(Run.scala:120)[0m
[0m[[0m[31merror[0m] [0m[0m	at sbt.Defaults$.$anonfun$bgRunTask$6(Defaults.scala:1980)[0m
[0m[[0m[31merror[0m] [0m[0m	at sbt.Defaults$.$anonfun$termWrapper$2(Defaults.scala:1919)[0m
[0m[[0m[31merror[0m] [0m[0m	at scala.runtime.java8.JFunction0$mcV$sp.apply(JFunction0$mcV$sp.java:23)[0m
[0m[[0m[31merror[0m] [0m[0m	at scala.util.Try$.apply(Try.scala:213)[0m
[0m[[0m[31merror[0m] [0m[0m	at sbt.internal.BackgroundThreadPool$BackgroundRunnable.run(DefaultBackgroundJobService.scala:366)[0m
[0m[[0m[31merror[0m] [0m[0m	at java.util.concurrent.ThreadPoolExecutor.runWorker(ThreadPoolExecutor.java:1149)[0m
[0m[[0m[31merror[0m] [0m[0m	at java.util.concurrent.ThreadPoolExecutor$Worker.run(ThreadPoolExecutor.java:624)[0m
[0m[[0m[31merror[0m] [0m[0m	at java.lang.Thread.run(Thread.java:748)[0m
[0m[[0m[0mdebug[0m] [0m[0mjsonRpcNotify: JsonRpcNotificationMessage(2.0, build/logMessage, {"type":1,"message":"java.util.NoSuchElementException: head of empty array\r\n\tat scala.collection.ArrayOps$.head$extension(ArrayOps.scala:230)\r\n\tat Main$.main(Main.scala:7)\r\n\tat Main.main(Main.scala)\r\n\tat sun.reflect.NativeMethodAccessorImpl.invoke0(Native Method)\r\n\tat sun.reflect.NativeMethodAccessorImpl.invoke(NativeMethodAccessorImpl.java:62)\r\n\tat sun.reflect.DelegatingMethodAccessorImpl.invoke(DelegatingMethodAccessorImpl.java:43)\r\n\tat java.lang.reflect.Method.invoke(Method.java:498)\r\n\tat sbt.Run.invokeMain(Run.scala:143)\r\n\tat sbt.Run.execute$1(Run.scala:93)\r\n\tat sbt.Run.$anonfun$runWithLoader$5(Run.scala:120)\r\n\tat sbt.Run$.executeSuccess(Run.scala:186)\r\n\tat sbt.Run.runWithLoader(Run.scala:120)\r\n\tat sbt.Defaults$.$anonfun$bgRunTask$6(Defaults.scala:1980)\r\n\tat sbt.Defaults$.$anonfun$termWrapper$2(Defaults.scala:1919)\r\n\tat scala.runtime.java8.JFunction0$mcV$sp.apply(JFunction0$mcV$sp.java:23)\r\n\tat scala.util.Try$.apply(Try.scala:213)\r\n\tat sbt.internal.BackgroundThreadPool$BackgroundRunnable.run(DefaultBackgroundJobService.scala:366)\r\n\tat java.util.concurrent.ThreadPoolExecutor.runWorker(ThreadPoolExecutor.java:1149)\r\n\tat java.util.concurrent.ThreadPoolExecutor$Worker.run(ThreadPoolExecutor.java:624)\r\n\tat java.lang.Thread.run(Thread.java:748)"})[0m
[0m[[0m[31merror[0m] [0m[0m(Compile / [31mrun[0m) java.util.NoSuchElementException: head of empty array[0m
[0m[[0m[0mdebug[0m] [0m[0mjsonRpcNotify: JsonRpcNotificationMessage(2.0, build/logMessage, {"type":1,"message":"(Compile / \u001b[31mrun\u001b[0m) java.util.NoSuchElementException: head of empty array"})[0m
[0m[[0m[31merror[0m] [0m[0mTotal time: 0 s, completed 2022. 12. 10 오후 1:02:28[0m
[0m[[0m[0mdebug[0m] [0m[0m> Exec(shell, None, None)[0m
