2022.12.10 12:42:07 INFO  tracing is disabled for protocol LSP, to enable tracing of incoming and outgoing JSON messages create an empty file at c:\Users\duawo\OneDrive\πŸ≈¡ »≠∏È\check_order\.metals\lsp.trace.json or C:\Users\duawo\AppData\Local\scalameta\metals\cache\lsp.trace.json
2022.12.10 12:42:08 INFO  logging to file C:\Users\duawo\OneDrive\πŸ≈¡ »≠∏È\check_order\.metals\metals.log
2022.12.10 12:42:08 INFO  Started: Metals version 0.11.9 in workspace 'C:\Users\duawo\OneDrive\πŸ≈¡ »≠∏È\check_order' for client Visual Studio Code 1.73.1.
2022.12.10 12:42:09 INFO  time: initialize in 1.46s
2022.12.10 12:42:09 WARN  Build server is not auto-connectable.
2022.12.10 12:42:09 WARN  no build target for: C:\Users\duawo\OneDrive\πŸ≈¡ »≠∏È\check_order\src\main\scala\Main.scala
2022.12.10 12:42:13 INFO  no build target found for C:\Users\duawo\OneDrive\πŸ≈¡ »≠∏È\check_order\src\main\scala\Main.scala. Using presentation compiler with project's scala-library version: 3.2.0
2022.12.10 12:42:15 INFO  time: code lens generation in 1.82s
2022.12.10 12:42:15 INFO  time: code lens generation in 4.78s
2022.12.10 12:42:59 WARN  no build target for: C:\Users\duawo\OneDrive\πŸ≈¡ »≠∏È\check_order\src\main\scala\Main.scala
2022.12.10 12:43:52 WARN  no build target for: C:\Users\duawo\OneDrive\πŸ≈¡ »≠∏È\check_order\src\main\scala\Main.scala
2022.12.10 12:44:41 WARN  no build target for: C:\Users\duawo\OneDrive\πŸ≈¡ »≠∏È\check_order\src\main\scala\Main.scala
2022.12.10 12:45:50 WARN  no build target for: C:\Users\duawo\OneDrive\πŸ≈¡ »≠∏È\check_order\src\main\scala\Main.scala
2022.12.10 12:45:51 WARN  no build target for: C:\Users\duawo\OneDrive\πŸ≈¡ »≠∏È\check_order\src\main\scala\Main.scala
2022.12.10 12:47:47 WARN  no build target for: C:\Users\duawo\OneDrive\πŸ≈¡ »≠∏È\check_order\src\main\scala\Main.scala
2022.12.10 12:48:27 WARN  no build target for: C:\Users\duawo\OneDrive\πŸ≈¡ »≠∏È\check_order\src\main\scala\Main.scala
2022.12.10 12:49:15 WARN  no build target for: C:\Users\duawo\OneDrive\πŸ≈¡ »≠∏È\check_order\src\main\scala\Main.scala
2022.12.10 12:49:37 WARN  no build target for: C:\Users\duawo\OneDrive\πŸ≈¡ »≠∏È\check_order\src\main\scala\Main.scala
2022.12.10 12:50:02 WARN  no build target for: C:\Users\duawo\OneDrive\πŸ≈¡ »≠∏È\check_order\src\main\scala\Main.scala
2022.12.10 12:50:12 WARN  no build target for: C:\Users\duawo\OneDrive\πŸ≈¡ »≠∏È\check_order\src\main\scala\Main.scala
12ø˘ 10, 2022 12:50:36 ø¿»ƒ scala.meta.internal.pc.CompilerAccess handleError
Ω…∞¢: assertion failed
java.lang.AssertionError: assertion failed
	at scala.runtime.Scala3RunTime$.assertFailed(Scala3RunTime.scala:11)
	at dotty.tools.dotc.util.Spans$Span$.point$extension(Spans.scala:57)
	at scala.meta.internal.pc.PcDocumentHighlightProvider$.isForComprehensionOwner$1$$anonfun$1(PcDocumentHighlightProvider.scala:164)
	at scala.collection.immutable.Set$Set2.exists(Set.scala:204)
	at scala.meta.internal.pc.PcDocumentHighlightProvider$.isForComprehensionOwner$1(PcDocumentHighlightProvider.scala:164)
	at scala.meta.internal.pc.PcDocumentHighlightProvider$.collectNames$1(PcDocumentHighlightProvider.scala:178)
	at scala.meta.internal.pc.PcDocumentHighlightProvider$.$anonfun$4(PcDocumentHighlightProvider.scala:275)
	at dotty.tools.dotc.ast.Trees$Instance$DeepFolder.apply(Trees.scala:1669)
	at dotty.tools.dotc.ast.Trees$Instance$TreeAccumulator.foldOver(Trees.scala:1566)
	at dotty.tools.dotc.ast.Trees$Instance$DeepFolder.apply(Trees.scala:1669)
	at dotty.tools.dotc.ast.Trees$Instance$TreeAccumulator.foldOver(Trees.scala:1568)
	at dotty.tools.dotc.ast.Trees$Instance$DeepFolder.apply(Trees.scala:1669)
	at dotty.tools.dotc.ast.Trees$Instance$TreeAccumulator.foldOver(Trees.scala:1570)
	at dotty.tools.dotc.ast.Trees$Instance$DeepFolder.apply(Trees.scala:1669)
	at dotty.tools.dotc.ast.Trees$Instance$TreeAccumulator.fold$1(Trees.scala:1535)
	at dotty.tools.dotc.ast.Trees$Instance$TreeAccumulator.apply(Trees.scala:1537)
	at dotty.tools.dotc.ast.Trees$Instance$TreeAccumulator.foldOver(Trees.scala:1568)
	at dotty.tools.dotc.ast.Trees$Instance$DeepFolder.apply(Trees.scala:1669)
	at dotty.tools.dotc.ast.Trees$Instance$TreeAccumulator.foldOver(Trees.scala:1623)
	at dotty.tools.dotc.ast.Trees$Instance$DeepFolder.apply(Trees.scala:1669)
	at dotty.tools.dotc.ast.Trees$Instance$TreeAccumulator.fold$1(Trees.scala:1535)
	at dotty.tools.dotc.ast.Trees$Instance$TreeAccumulator.apply(Trees.scala:1537)
	at dotty.tools.dotc.ast.Trees$Instance$TreeAccumulator.foldOver(Trees.scala:1568)
	at dotty.tools.dotc.ast.Trees$Instance$DeepFolder.apply(Trees.scala:1669)
	at dotty.tools.dotc.ast.Trees$Instance$TreeAccumulator.fold$1(Trees.scala:1535)
	at dotty.tools.dotc.ast.Trees$Instance$TreeAccumulator.apply(Trees.scala:1537)
	at dotty.tools.dotc.ast.Trees$Instance$TreeAccumulator.foldOver(Trees.scala:1554)
	at dotty.tools.dotc.ast.Trees$Instance$DeepFolder.apply(Trees.scala:1669)
	at dotty.tools.dotc.ast.Trees$Instance$TreeAccumulator.fold$1(Trees.scala:1535)
	at dotty.tools.dotc.ast.Trees$Instance$TreeAccumulator.apply(Trees.scala:1537)
	at dotty.tools.dotc.ast.Trees$Instance$TreeAccumulator.foldOver(Trees.scala:1568)
	at dotty.tools.dotc.ast.Trees$Instance$DeepFolder.apply(Trees.scala:1669)
	at dotty.tools.dotc.ast.Trees$Instance$TreeAccumulator.foldOver(Trees.scala:1623)
	at dotty.tools.dotc.ast.Trees$Instance$DeepFolder.apply(Trees.scala:1669)
	at dotty.tools.dotc.ast.Trees$Instance$TreeAccumulator.fold$1(Trees.scala:1535)
	at dotty.tools.dotc.ast.Trees$Instance$TreeAccumulator.apply(Trees.scala:1537)
	at dotty.tools.dotc.ast.Trees$Instance$TreeAccumulator.foldOver(Trees.scala:1630)
	at dotty.tools.dotc.ast.Trees$Instance$DeepFolder.apply(Trees.scala:1669)
	at dotty.tools.dotc.ast.Trees$Instance$TreeAccumulator.foldOver(Trees.scala:1627)
	at dotty.tools.dotc.ast.Trees$Instance$DeepFolder.apply(Trees.scala:1669)
	at dotty.tools.dotc.ast.Trees$Instance$TreeAccumulator.fold$1(Trees.scala:1535)
	at dotty.tools.dotc.ast.Trees$Instance$TreeAccumulator.apply(Trees.scala:1537)
	at dotty.tools.dotc.ast.Trees$Instance$TreeAccumulator.foldOver(Trees.scala:1636)
	at dotty.tools.dotc.ast.Trees$Instance$TreeAccumulator.foldOver(Trees.scala:1541)
	at dotty.tools.dotc.ast.Trees$Instance$DeepFolder.apply(Trees.scala:1669)
	at scala.meta.internal.pc.PcDocumentHighlightProvider$.highlights(PcDocumentHighlightProvider.scala:276)

2022.12.10 12:50:45 WARN  no build target for: C:\Users\duawo\OneDrive\πŸ≈¡ »≠∏È\check_order\src\main\scala\Main.scala
12ø˘ 10, 2022 12:52:26 ø¿»ƒ org.eclipse.lsp4j.jsonrpc.RemoteEndpoint handleCancellation
∞Ê∞Ì: Unmatched cancel notification for request id 895
2022.12.10 12:52:58 WARN  no build target for: C:\Users\duawo\OneDrive\πŸ≈¡ »≠∏È\check_order\src\main\scala\Main.scala
2022.12.10 12:53:14 WARN  no build target for: C:\Users\duawo\OneDrive\πŸ≈¡ »≠∏È\check_order\src\main\scala\Main.scala
2022.12.10 12:53:29 WARN  no build target for: C:\Users\duawo\OneDrive\πŸ≈¡ »≠∏È\check_order\src\main\scala\Main.scala
2022.12.10 12:54:03 WARN  no build target for: C:\Users\duawo\OneDrive\πŸ≈¡ »≠∏È\check_order\src\main\scala\Main.scala
2022.12.10 12:54:36 WARN  no build target for: C:\Users\duawo\OneDrive\πŸ≈¡ »≠∏È\check_order\src\main\scala\Main.scala
2022.12.10 12:54:51 WARN  no build target for: C:\Users\duawo\OneDrive\πŸ≈¡ »≠∏È\check_order\src\main\scala\Main.scala
2022.12.10 12:57:12 WARN  no build target for: C:\Users\duawo\OneDrive\πŸ≈¡ »≠∏È\check_order\src\main\scala\Main.scala
2022.12.10 12:57:30 WARN  no build target for: C:\Users\duawo\OneDrive\πŸ≈¡ »≠∏È\check_order\src\main\scala\Main.scala
2022.12.10 12:57:34 WARN  no build target for: C:\Users\duawo\OneDrive\πŸ≈¡ »≠∏È\check_order\src\main\scala\Main.scala
2022.12.10 12:58:17 WARN  no build target for: C:\Users\duawo\OneDrive\πŸ≈¡ »≠∏È\check_order\src\main\scala\Main.scala
2022.12.10 12:58:37 WARN  no build target for: C:\Users\duawo\OneDrive\πŸ≈¡ »≠∏È\check_order\src\main\scala\Main.scala
2022.12.10 12:59:01 WARN  no build target for: C:\Users\duawo\OneDrive\πŸ≈¡ »≠∏È\check_order\src\main\scala\Main.scala
2022.12.10 13:02:15 WARN  no build target for: C:\Users\duawo\OneDrive\πŸ≈¡ »≠∏È\check_order\src\main\scala\Main.scala
2022.12.10 13:02:26 WARN  no build target for: C:\Users\duawo\OneDrive\πŸ≈¡ »≠∏È\check_order\src\main\scala\Main.scala
2022.12.10 13:05:21 INFO  shutting down Metals
2022.12.10 13:05:21 ERROR Unexpected error initializing serverorg.eclipse.lsp4j.jsonrpc.ResponseErrorException: Request window/showMessageRequest failed with message: Canceled
	at org.eclipse.lsp4j.jsonrpc.RemoteEndpoint.handleResponse(RemoteEndpoint.java:209)
	at org.eclipse.lsp4j.jsonrpc.RemoteEndpoint.consume(RemoteEndpoint.java:193)
	at org.eclipse.lsp4j.jsonrpc.json.StreamMessageProducer.handleMessage(StreamMessageProducer.java:194)
	at org.eclipse.lsp4j.jsonrpc.json.StreamMessageProducer.listen(StreamMessageProducer.java:94)
	at org.eclipse.lsp4j.jsonrpc.json.ConcurrentMessageProcessor.run(ConcurrentMessageProcessor.java:113)
	at java.util.concurrent.Executors$RunnableAdapter.call(Executors.java:511)
	at java.util.concurrent.FutureTask.run(FutureTask.java:266)
	at java.util.concurrent.ThreadPoolExecutor.runWorker(ThreadPoolExecutor.java:1149)
	at java.util.concurrent.ThreadPoolExecutor$Worker.run(ThreadPoolExecutor.java:624)
	at java.lang.Thread.run(Thread.java:748)

2022.12.10 13:05:38 INFO  tracing is disabled for protocol LSP, to enable tracing of incoming and outgoing JSON messages create an empty file at c:\Users\duawo\OneDrive\πŸ≈¡ »≠∏È\check_order\.metals\lsp.trace.json or C:\Users\duawo\AppData\Local\scalameta\metals\cache\lsp.trace.json
2022.12.10 13:05:38 INFO  logging to file C:\Users\duawo\OneDrive\πŸ≈¡ »≠∏È\check_order\.metals\metals.log
2022.12.10 13:05:38 INFO  Started: Metals version 0.11.9 in workspace 'C:\Users\duawo\OneDrive\πŸ≈¡ »≠∏È\check_order' for client Visual Studio Code 1.74.0.
2022.12.10 13:05:40 INFO  time: initialize in 1.28s
2022.12.10 13:05:40 WARN  Build server is not auto-connectable.
2022.12.10 13:07:26 WARN  no build target for: C:\Users\duawo\OneDrive\πŸ≈¡ »≠∏È\check_order\src\main\scala\Main.scala
2022.12.10 13:07:29 INFO  no build target found for C:\Users\duawo\OneDrive\πŸ≈¡ »≠∏È\check_order\src\main\scala\Main.scala. Using presentation compiler with project's scala-library version: 3.2.0
12ø˘ 10, 2022 1:07:29 ø¿»ƒ org.eclipse.lsp4j.jsonrpc.RemoteEndpoint handleCancellation
∞Ê∞Ì: Unmatched cancel notification for request id 4
2022.12.10 13:07:31 INFO  time: code lens generation in 1.79s
2022.12.10 13:08:16 WARN  no build target for: C:\Users\duawo\OneDrive\πŸ≈¡ »≠∏È\check_order\src\main\scala\Main.scala
2022.12.10 13:08:30 WARN  no build target for: C:\Users\duawo\OneDrive\πŸ≈¡ »≠∏È\check_order\src\main\scala\Main.scala
2022.12.10 13:08:48 WARN  no build target for: C:\Users\duawo\OneDrive\πŸ≈¡ »≠∏È\check_order\src\main\scala\Main.scala
2022.12.10 13:09:03 WARN  no build target for: C:\Users\duawo\OneDrive\πŸ≈¡ »≠∏È\check_order\src\main\scala\Main.scala
2022.12.10 13:17:19 INFO  shutting down Metals
2022.12.10 13:17:19 ERROR Unexpected error initializing serverorg.eclipse.lsp4j.jsonrpc.ResponseErrorException: Request window/showMessageRequest failed with message: Canceled
	at org.eclipse.lsp4j.jsonrpc.RemoteEndpoint.handleResponse(RemoteEndpoint.java:209)
	at org.eclipse.lsp4j.jsonrpc.RemoteEndpoint.consume(RemoteEndpoint.java:193)
	at org.eclipse.lsp4j.jsonrpc.json.StreamMessageProducer.handleMessage(StreamMessageProducer.java:194)
	at org.eclipse.lsp4j.jsonrpc.json.StreamMessageProducer.listen(StreamMessageProducer.java:94)
	at org.eclipse.lsp4j.jsonrpc.json.ConcurrentMessageProcessor.run(ConcurrentMessageProcessor.java:113)
	at java.util.concurrent.Executors$RunnableAdapter.call(Executors.java:511)
	at java.util.concurrent.FutureTask.run(FutureTask.java:266)
	at java.util.concurrent.ThreadPoolExecutor.runWorker(ThreadPoolExecutor.java:1149)
	at java.util.concurrent.ThreadPoolExecutor$Worker.run(ThreadPoolExecutor.java:624)
	at java.lang.Thread.run(Thread.java:748)

2022.12.10 13:17:38 INFO  tracing is disabled for protocol LSP, to enable tracing of incoming and outgoing JSON messages create an empty file at c:\Users\duawo\OneDrive\πŸ≈¡ »≠∏È\check_order\.metals\lsp.trace.json or C:\Users\duawo\AppData\Local\scalameta\metals\cache\lsp.trace.json
2022.12.10 13:17:39 INFO  logging to file C:\Users\duawo\OneDrive\πŸ≈¡ »≠∏È\check_order\.metals\metals.log
2022.12.10 13:17:39 INFO  Started: Metals version 0.11.9 in workspace 'C:\Users\duawo\OneDrive\πŸ≈¡ »≠∏È\check_order' for client Visual Studio Code 1.74.0.
2022.12.10 13:17:41 INFO  time: initialize in 1.49s
2022.12.10 13:17:41 WARN  Build server is not auto-connectable.
2022.12.10 13:18:12 WARN  no build target for: C:\Users\duawo\OneDrive\πŸ≈¡ »≠∏È\check_order\src\main\scala\Main.scala
2022.12.10 13:18:15 INFO  no build target found for C:\Users\duawo\OneDrive\πŸ≈¡ »≠∏È\check_order\src\main\scala\Main.scala. Using presentation compiler with project's scala-library version: 3.2.0
2022.12.10 13:18:17 INFO  time: code lens generation in 4.26s
2022.12.10 13:21:50 INFO  shutting down Metals
2022.12.10 13:23:32 INFO  tracing is disabled for protocol LSP, to enable tracing of incoming and outgoing JSON messages create an empty file at c:\Users\duawo\OneDrive\πŸ≈¡ »≠∏È\grpc-example\.metals\lsp.trace.json or C:\Users\duawo\AppData\Local\scalameta\metals\cache\lsp.trace.json
2022.12.10 13:23:33 INFO  logging to file C:\Users\duawo\OneDrive\πŸ≈¡ »≠∏È\grpc-example\.metals\metals.log
